Arguments: 
  C:\Program Files\nodejs\node.exe C:\Users\hunliji\AppData\Roaming\npm\node_modules\yarn\bin\yarn.js

PATH: 
  C:\Program Files (x86)\Intel\Intel(R) Management Engine Components\iCLS\;C:\Program Files\Intel\Intel(R) Management Engine Components\iCLS\;C:\Windows\system32;C:\Windows;C:\Windows\System32\Wbem;C:\Windows\System32\WindowsPowerShell\v1.0\;C:\Windows\System32\OpenSSH\;C:\Program Files (x86)\Intel\Intel(R) Management Engine Components\DAL;C:\Program Files\Intel\Intel(R) Management Engine Components\DAL;C:\Program Files (x86)\Intel\Intel(R) Management Engine Components\IPT;C:\Program Files\Intel\Intel(R) Management Engine Components\IPT;C:\Program Files\nodejs\;C:\Program Files\Git\cmd;D:\phpStudy\PHPTutorial\php\php-7.0.12-nts;C:\Program Files\Redis;C:\cmder;C:\Program Files (x86)\Gow\bin;C:\Program Files\PuTTY\;C:\Program Files\MongoDB\Server\4.0\bin;C:\Users\hunliji\AppData\Local\Microsoft\WindowsApps;D:\Microsoft VS Code\bin;C:\Users\hunliji\AppData\Roaming\npm;C:\Users\hunliji\AppData\Local\BypassRuntm

Yarn version: 
  1.13.0

Node version: 
  10.15.3

Platform: 
  win32 x64

Trace: 
  SyntaxError: E:\test\webpack\splitChunks\package.json: Unexpected token } in JSON at position 186
      at JSON.parse (<anonymous>)
      at C:\Users\hunliji\AppData\Roaming\npm\node_modules\yarn\lib\cli.js:1625:59
      at Generator.next (<anonymous>)
      at step (C:\Users\hunliji\AppData\Roaming\npm\node_modules\yarn\lib\cli.js:304:30)
      at C:\Users\hunliji\AppData\Roaming\npm\node_modules\yarn\lib\cli.js:315:13

npm manifest: 
  {
    "name": "splitChunks",
    "version": "1.0.0",
    "main": "index.js",
    "license": "MIT",
    "scripts": {
      "start": "cross-env NODE_ENV=dev nodemon --exec babel-node src/index.js",
    },
    "dependencies": {
      "react": "^16.11.0",
      "react-dom": "^16.11.0",
      "react-router-dom": "^5.1.2"
    },
    "devDependencies": {
      "@babel/cli": "^7.7.0",
      "@babel/core": "^7.7.2",
      "@babel/plugin-proposal-class-properties": "^7.7.0",
      "@babel/plugin-proposal-decorators": "^7.7.0",
      "@babel/plugin-transform-classes": "^7.7.0",
      "@babel/preset-env": "^7.7.1",
      "@babel/preset-react": "^7.7.0",
      "@babel/preset-stage-2": "^7.0.0",
      "babel-loader": "^8.0.6",
      "webpack": "^4.41.2",
      "webpack-cli": "^3.3.10"
    }
  }

yarn manifest: 
  No manifest

Lockfile: 
  No lockfile
